#
# A fatal error has been detected by the Java Runtime Environment:
#
#  SIGSEGV (0xb) at pc=0x00007fff778d5a1d, pid=5610, tid=775
#
# JRE version: Java(TM) SE Runtime Environment (10.0.2+13) (build 10.0.2+13)
# Java VM: Java HotSpot(TM) 64-Bit Server VM (10.0.2+13, mixed mode, tiered, compressed oops, g1 gc, bsd-amd64)
# Problematic frame:
# C  [libobjc.A.dylib+0x7a1d]  objc_msgSend+0x1d
#
# No core dump will be written. Core dumps have been disabled. To enable core dumping, try "ulimit -c unlimited" before starting Java again
#
# If you would like to submit a bug report, please visit:
#   http://bugreport.java.com/bugreport/crash.jsp
# The crash happened outside the Java Virtual Machine in native code.
# See problematic frame for where to report the bug.
#

---------------  S U M M A R Y ------------

Command Line: -Dfile.encoding=UTF-8 -Duser.country=SK -Duser.language=en -Duser.variant sk.tuke.kpi.gamelib.framework.Main

Host: MacBookPro13,2 x86_64 2900 MHz, 4 cores, 8G, Darwin 18.0.0
Time: Sun Oct 28 10:27:42 2018 CET elapsed time: 92 seconds (0d 0h 1m 32s)

---------------  T H R E A D  ---------------

Current thread (0x00007feaafa45800):  JavaThread "AppKit Thread" daemon [_thread_in_native, id=775, stack(0x00007ffee7bf8000,0x00007ffee83f8000)]

Stack: [0x00007ffee7bf8000,0x00007ffee83f8000],  sp=0x00007ffee83f1628,  free space=8165k
Native frames: (J=compiled Java code, A=aot compiled Java code, j=interpreted, Vv=VM code, C=native code)
C  [libobjc.A.dylib+0x7a1d]  objc_msgSend+0x1d
C  [AppKit+0x12ea41]  -[NSView _recursiveDisplayRectIfNeededIgnoringOpacity:isVisibleRect:rectIsVisibleRectForView:topView:]+0xe43
C  [AppKit+0x12e806]  -[NSView _recursiveDisplayRectIfNeededIgnoringOpacity:isVisibleRect:rectIsVisibleRectForView:topView:]+0xc08
C  [AppKit+0x12dbd8]  -[NSThemeFrame _recursiveDisplayRectIfNeededIgnoringOpacity:isVisibleRect:rectIsVisibleRectForView:topView:]+0x41
C  [AppKit+0x12b50a]  -[NSView _oldDisplayRectIgnoringOpacity:isVisibleRect:rectIsVisibleRectForView:]+0x75f
C  [AppKit+0x12ab49]  -[NSView _displayRectIgnoringOpacity:isVisibleRect:rectIsVisibleRectForView:]+0xfd
C  [AppKit+0x127736]  -[NSView displayIfNeeded]+0x514
C  [AppKit+0x1244d0]  -[NSWindow displayIfNeeded]+0x11b
C  [AppKit+0x12430f]  __NSWindowGetDisplayCycleObserverForDisplay_block_invoke+0x2d2
C  [AppKit+0x11f41a]  NSDisplayCycleObserverInvoke+0xaa
C  [AppKit+0x11ef8f]  NSDisplayCycleFlush+0x431
C  [QuartzCore+0x21d3]  CA::Transaction::run_commit_handlers(CATransactionPhase)+0x31
C  [QuartzCore+0x1b9a]  CA::Transaction::commit()+0xba
C  [AppKit+0x11e8f5]  __65+[CATransaction(NSCATransaction) NS_setFlushesWithDisplayRefresh]_block_invoke+0x112
C  [CoreFoundation+0x9995d]  __CFRUNLOOP_IS_CALLING_OUT_TO_AN_OBSERVER_CALLBACK_FUNCTION__+0x17
C  [CoreFoundation+0x99892]  __CFRunLoopDoObservers+0x1c4
C  [CoreFoundation+0x3b3c5]  __CFRunLoopRun+0x48e
C  [CoreFoundation+0x3ace4]  CFRunLoopRunSpecific+0x1cf
C  [HIToolbox+0xa895]  RunCurrentEventLoopInMode+0x125
C  [HIToolbox+0xa4d4]  ReceiveNextEventCommon+0x173
C  [HIToolbox+0xa348]  _BlockUntilNextEventMatchingListInModeWithFilter+0x40
C  [AppKit+0x1a95b]  _DPSNextEvent+0x3e5
C  [AppKit+0x196fa]  -[NSApplication(NSEvent) _nextEventMatchingEventMask:untilDate:inMode:dequeue:]+0x552
C  [libosxapp.dylib+0x2dbf]  -[NSApplicationAWT nextEventMatchingMask:untilDate:inMode:dequeue:]+0x7a
C  [AppKit+0x1375d]  -[NSApplication run]+0x2bb
C  [libosxapp.dylib+0x2bbc]  +[NSApplicationAWT runAWTLoopWithApp:]+0x9d
C  [libawt_lwawt.dylib+0x3a344]  +[AWTStarter starter:headless:]+0x342
C  [JavaNativeFoundation+0x6f3c]  +[JNFRunLoop _performCopiedBlock:]+0x11
C  [Foundation+0xb1cdb]  __NSThreadPerformPerform+0x147
C  [CoreFoundation+0x58405]  __CFRUNLOOP_IS_CALLING_OUT_TO_A_SOURCE0_PERFORM_FUNCTION__+0x11
C  [CoreFoundation+0x583ab]  __CFRunLoopDoSource0+0x6c
C  [CoreFoundation+0x3be51]  __CFRunLoopDoSources0+0xc3
C  [CoreFoundation+0x3b3fa]  __CFRunLoopRun+0x4c3
C  [CoreFoundation+0x3ace4]  CFRunLoopRunSpecific+0x1cf
C  [java+0x6bc3]  CreateExecutionEnvironment+0x191
C  [java+0x2ebc]  JLI_Launch+0x620
C  [java+0x1d4c]  main+0x180
C  [java+0x1bc4]  start+0x34
C  0x0000000000000008


siginfo: si_signo: 11 (SIGSEGV), si_code: 1 (SEGV_MAPERR), si_addr: 0x000007feab237050

Register to memory mapping:

RAX=0x0000000000000000 is an unknown value
RBX=0x00007feaae6caf80 is an unknown value
RCX=0x0000000000000000 is an unknown value
RDX=0x00000000000fa4c0 is an unknown value
RSP=0x00007ffee83f1628 is pointing into the stack for thread: 0x00007feaafa45800
RBP=0x00007ffee83f1650 is pointing into the stack for thread: 0x00007feaafa45800
RSI=0x00007fff49aca1c5: GCC_except_table7+0x6cd01 in /System/Library/Frameworks/AppKit.framework/Versions/C/AppKit at 0x00007fff48e59000
RDI=0x00007feaae7ca6b0 is an unknown value
R8 =0x0000000000000003 is an unknown value
R9 =0x0000000000000000 is an unknown value
R10=0x000007feab237038 is an unknown value
R11=0x00007fff49aca1c5: GCC_except_table7+0x6cd01 in /System/Library/Frameworks/AppKit.framework/Versions/C/AppKit at 0x00007fff48e59000
R12=0x00007feaae6caf80 is an unknown value
R13=0x00007feaae7b9f00 is an unknown value
R14=0x00007feaae7ca6b0 is an unknown value
R15=0x00007feaae45ae90 is an unknown value


Registers:
RAX=0x0000000000000000, RBX=0x00007feaae6caf80, RCX=0x0000000000000000, RDX=0x00000000000fa4c0
RSP=0x00007ffee83f1628, RBP=0x00007ffee83f1650, RSI=0x00007fff49aca1c5, RDI=0x00007feaae7ca6b0
R8 =0x0000000000000003, R9 =0x0000000000000000, R10=0x000007feab237038, R11=0x00007fff49aca1c5
R12=0x00007feaae6caf80, R13=0x00007feaae7b9f00, R14=0x00007feaae7ca6b0, R15=0x00007feaae45ae90
RIP=0x00007fff778d5a1d, EFLAGS=0x0000000000010202, ERR=0x0000000000000004
  TRAPNO=0x000000000000000e

Top of Stack: (sp=0x00007ffee83f1628)
0x00007ffee83f1628:   00000001300a4598 00007feaae6caf80
0x00007ffee83f1638:   00000001300d8c60 0000000000000000
0x00007ffee83f1648:   0000000000000094 00007ffee83f1b00
0x00007ffee83f1658:   00007fff48f87a41 0000000000000000
0x00007ffee83f1668:   0000000000000000 4084000000000000
0x00007ffee83f1678:   407e000000000000 0000000000000000
0x00007ffee83f1688:   0000000000000000 4084000000000000
0x00007ffee83f1698:   407e000000000000 0000000000000000
0x00007ffee83f16a8:   0000000000000000 4084000000000000
0x00007ffee83f16b8:   407e000000000000 0000000000000000
0x00007ffee83f16c8:   0000000000000000 4084000000000000
0x00007ffee83f16d8:   407e000000000000 00007feaae6cc800
0x00007ffee83f16e8:   00007feaae6d4f10 00007ffee83f1730
0x00007ffee83f16f8:   00007fff490811ee 401c000000000000
0x00007ffee83f1708:   407e300000000000 404b000000000000
0x00007ffee83f1718:   4030000000000000 4030000000000000
0x00007ffee83f1728:   407e300000000000 00007ffee83f1860
0x00007ffee83f1738:   00007fff4908115c 401c000000000000
0x00007ffee83f1748:   407e300000000000 404b000000000000
0x00007ffee83f1758:   4030000000000000 0000000000000000
0x00007ffee83f1768:   0000000000000000 4084000000000000
0x00007ffee83f1778:   407f600000000000 401c000000000000
0x00007ffee83f1788:   407e300000000000 404b000000000000
0x00007ffee83f1798:   4030000000000000 0000000000000000
0x00007ffee83f17a8:   0000000000000000 4084000000000000
0x00007ffee83f17b8:   407e000000000000 4040000000000000
0x00007ffee83f17c8:   405b000000000000 4043000000000000
0x00007ffee83f17d8:   4018000000000000 402c000000000000
0x00007ffee83f17e8:   4018000000000000 401c000000000000
0x00007ffee83f17f8:   0000000000000001 0000000107823800
0x00007ffee83f1808:   0000000000000010 0000000000000012
0x00007ffee83f1818:   0000000000000013 00007ffee83f18b0 

Instructions: (pc=0x00007fff778d5a1d)
0x00007fff778d59fd:   0f 1f 00 48 85 ff 2e 74 62 40 f6 c7 01 2e 75 66
0x00007fff778d5a0d:   49 ba f8 ff ff ff ff 7f 00 00 4c 23 17 49 89 f3
0x00007fff778d5a1d:   45 23 5a 18 49 c1 e3 04 4d 03 5a 10 49 3b 33 75
0x00007fff778d5a2d:   04 41 ff 63 08 49 83 3b 01 76 0d 49 83 c3 10 49 


---------------  P R O C E S S  ---------------

Threads class SMR info:
_java_thread_list=0x00007feab2231920, length=19, elements={
0x00007feaae824800, 0x00007feab003d800, 0x00007feaaf825800, 0x00007feaaf071800,
0x00007feaaf072800, 0x00007feab0048800, 0x00007feab0042000, 0x00007feaaf136800,
0x00007feaaf123000, 0x00007feaae9f5800, 0x00007feaafa06800, 0x00007feaafa45800,
0x00007feaafb4a000, 0x00007feaaf356800, 0x00007feaafbb2000, 0x00007feab0613000,
0x00007feab0614000, 0x00007feab04c4800, 0x00007feaaf698000
}

Java Threads: ( => current thread )
  0x00007feaae824800 JavaThread "Reference Handler" daemon [_thread_blocked, id=17667, stack(0x00007000055f2000,0x00007000056f2000)]
  0x00007feab003d800 JavaThread "Finalizer" daemon [_thread_blocked, id=17411, stack(0x00007000056f5000,0x00007000057f5000)]
  0x00007feaaf825800 JavaThread "Signal Dispatcher" daemon [_thread_blocked, id=42755, stack(0x00007000057f8000,0x00007000058f8000)]
  0x00007feaaf071800 JavaThread "C2 CompilerThread0" daemon [_thread_blocked, id=41987, stack(0x00007000058fb000,0x00007000059fb000)]
  0x00007feaaf072800 JavaThread "C2 CompilerThread1" daemon [_thread_blocked, id=41475, stack(0x00007000059fe000,0x0000700005afe000)]
  0x00007feab0048800 JavaThread "C1 CompilerThread2" daemon [_thread_blocked, id=40963, stack(0x0000700005b01000,0x0000700005c01000)]
  0x00007feab0042000 JavaThread "Sweeper thread" daemon [_thread_blocked, id=40451, stack(0x0000700005c04000,0x0000700005d04000)]
  0x00007feaaf136800 JavaThread "Service Thread" daemon [_thread_blocked, id=39939, stack(0x0000700005d07000,0x0000700005e07000)]
  0x00007feaaf123000 JavaThread "Common-Cleaner" daemon [_thread_blocked, id=23555, stack(0x0000700005e0a000,0x0000700005f0a000)]
  0x00007feaae9f5800 JavaThread "LWJGL Application" [_thread_in_native, id=37639, stack(0x0000700006010000,0x0000700006110000)]
  0x00007feaafa06800 JavaThread "DestroyJavaVM" [_thread_blocked, id=6147, stack(0x00007000048cb000,0x00007000049cb000)]
=>0x00007feaafa45800 JavaThread "AppKit Thread" daemon [_thread_in_native, id=775, stack(0x00007ffee7bf8000,0x00007ffee83f8000)]
  0x00007feaafb4a000 JavaThread "Java2D Queue Flusher" daemon [_thread_blocked, id=61967, stack(0x0000700006422000,0x0000700006522000)]
  0x00007feaaf356800 JavaThread "Java2D Disposer" daemon [_thread_blocked, id=62723, stack(0x0000700006525000,0x0000700006625000)]
  0x00007feaafbb2000 JavaThread "TimerQueue" daemon [_thread_blocked, id=64003, stack(0x000070000672b000,0x000070000682b000)]
  0x00007feab0613000 JavaThread "AWT-Shutdown" [_thread_blocked, id=63495, stack(0x0000700006113000,0x0000700006213000)]
  0x00007feab0614000 JavaThread "AWT-EventQueue-0" [_thread_blocked, id=29963, stack(0x0000700006628000,0x0000700006728000)]
  0x00007feab04c4800 JavaThread "SwingWorker-pool-1-thread-1" daemon [_thread_blocked, id=64771, stack(0x0000700006931000,0x0000700006a31000)]
  0x00007feaaf698000 JavaThread "AsynchExecutor-Thread" daemon [_thread_blocked, id=126231, stack(0x0000700007046000,0x0000700007146000)]

Other Threads:
  0x00007feab003b000 VMThread "VM Thread" [stack: 0x00007000054ef000,0x00007000055ef000] [id=14595]
  0x00007feaae802800 WatcherThread [stack: 0x0000700005f0d000,0x000070000600d000] [id=39171]
  0x00007feaaf00f800 GCTaskThread "GC Thread#0" [stack: 0x00007000049ce000,0x0000700004ace000] [id=11523]
  0x00007feaaf010000 GCTaskThread "GC Thread#1" [stack: 0x0000700004ad1000,0x0000700004bd1000] [id=20995]
  0x00007feaaf011000 GCTaskThread "GC Thread#2" [stack: 0x0000700004bd4000,0x0000700004cd4000] [id=11779]
  0x00007feaaf011800 GCTaskThread "GC Thread#3" [stack: 0x0000700004cd7000,0x0000700004dd7000] [id=12291]
  0x00007feaaf03a800 ConcurrentGCThread "G1 Main Marker" [stack: 0x0000700004dda000,0x0000700004eda000] [id=12547]
  0x00007feaaf03b800 ConcurrentGCThread "G1 Conc#0" [stack: 0x0000700004edd000,0x0000700004fdd000] [id=19971]
  0x00007feab001c800 ConcurrentGCThread "G1 Refine#0" [stack: 0x0000700004fe0000,0x00007000050e0000] [id=13315]
  0x00007feaaf815800 ConcurrentGCThread "G1 Refine#1" [stack: 0x00007000050e3000,0x00007000051e3000] [id=13571]
  0x00007feaaf816800 ConcurrentGCThread "G1 Refine#2" [stack: 0x00007000051e6000,0x00007000052e6000] [id=19203]
  0x00007feaaf817000 ConcurrentGCThread "G1 Refine#3" [stack: 0x00007000052e9000,0x00007000053e9000] [id=14083]
  0x00007feaaf818000 ConcurrentGCThread "G1 Young RemSet Sampling" [stack: 0x00007000053ec000,0x00007000054ec000] [id=18435]

Threads with active compile tasks:

VM state:not at safepoint (normal execution)

VM Mutex/Monitor currently owned by a thread: None

Heap address: 0x0000000740000000, size: 2048 MB, Compressed Oops mode: Zero based, Oop shift amount: 3
Narrow klass base: 0x0000000000000000, Narrow klass shift: 3
Compressed class space size: 1073741824 Address: 0x00000007c0000000

Heap:
 garbage-first heap   total 131072K, used 48993K [0x0000000740000000, 0x00000007c0000000)
  region size 1024K, 36 young (36864K), 5 survivors (5120K)
 Metaspace       used 36936K, capacity 37622K, committed 38272K, reserved 1083392K
  class space    used 3853K, capacity 4167K, committed 4224K, reserved 1048576K
Heap Regions: E=young(eden), S=young(survivor), O=old, HS=humongous(starts), HC=humongous(continues), CS=collection set, F=free, A=archive, TS=gc time stamp, AC=allocation context, TAMS=top-at-mark-start (previous, next)
|   0|0x0000000740000000, 0x0000000740100000, 0x0000000740100000|100%| O|  |TS  0|AC  0|TAMS 0x0000000740100000, 0x0000000740100000|
|   1|0x0000000740100000, 0x0000000740200000, 0x0000000740200000|100%| O|  |TS  0|AC  0|TAMS 0x0000000740200000, 0x0000000740200000|
|   2|0x0000000740200000, 0x0000000740300000, 0x0000000740300000|100%| O|  |TS  0|AC  0|TAMS 0x0000000740300000, 0x0000000740300000|
|   3|0x0000000740300000, 0x0000000740400000, 0x0000000740400000|100%| O|  |TS  0|AC  0|TAMS 0x0000000740400000, 0x0000000740400000|
|   4|0x0000000740400000, 0x0000000740500000, 0x0000000740500000|100%| O|  |TS  0|AC  0|TAMS 0x0000000740500000, 0x0000000740500000|
|   5|0x0000000740500000, 0x0000000740600000, 0x0000000740600000|100%| O|  |TS  0|AC  0|TAMS 0x0000000740600000, 0x0000000740600000|
|   6|0x0000000740600000, 0x0000000740700000, 0x0000000740700000|100%| O|  |TS  0|AC  0|TAMS 0x0000000740700000, 0x0000000740700000|
|   7|0x0000000740700000, 0x0000000740800000, 0x0000000740800000|100%| O|  |TS  0|AC  0|TAMS 0x0000000740800000, 0x0000000740800000|
|   8|0x0000000740800000, 0x0000000740900000, 0x0000000740900000|100%| O|  |TS  0|AC  0|TAMS 0x0000000740900000, 0x0000000740900000|
|   9|0x0000000740900000, 0x0000000740a00000, 0x0000000740a00000|100%| O|  |TS  0|AC  0|TAMS 0x0000000740a00000, 0x0000000740a00000|
|  10|0x0000000740a00000, 0x0000000740b00000, 0x0000000740b00000|100%| O|  |TS  0|AC  0|TAMS 0x0000000740b00000, 0x0000000740b00000|
|  11|0x0000000740b00000, 0x0000000740c00000, 0x0000000740c00000|100%| O|  |TS  0|AC  0|TAMS 0x0000000740c00000, 0x0000000740c00000|
|  12|0x0000000740c00000, 0x0000000740d00000, 0x0000000740d00000|100%| O|  |TS  2|AC  0|TAMS 0x0000000740c70000, 0x0000000740c70000|
|  13|0x0000000740d00000, 0x0000000740d00000, 0x0000000740e00000|  0%| F|  |TS  2|AC  0|TAMS 0x0000000740d00000, 0x0000000740d00000|
|  14|0x0000000740e00000, 0x0000000740eaac00, 0x0000000740f00000| 66%| O|  |TS  6|AC  0|TAMS 0x0000000740e00000, 0x0000000740e00000|
|  15|0x0000000740f00000, 0x0000000740f00000, 0x0000000741000000|  0%| F|  |TS  0|AC  0|TAMS 0x0000000740f00000, 0x0000000740f00000|
|  16|0x0000000741000000, 0x0000000741000000, 0x0000000741100000|  0%| F|  |TS  0|AC  0|TAMS 0x0000000741000000, 0x0000000741000000|
|  17|0x0000000741100000, 0x0000000741100000, 0x0000000741200000|  0%| F|  |TS  0|AC  0|TAMS 0x0000000741100000, 0x0000000741100000|
|  18|0x0000000741200000, 0x0000000741200000, 0x0000000741300000|  0%| F|  |TS  0|AC  0|TAMS 0x0000000741200000, 0x0000000741200000|
|  19|0x0000000741300000, 0x0000000741300000, 0x0000000741400000|  0%| F|  |TS  0|AC  0|TAMS 0x0000000741300000, 0x0000000741300000|
|  20|0x0000000741400000, 0x0000000741400000, 0x0000000741500000|  0%| F|  |TS  0|AC  0|TAMS 0x0000000741400000, 0x0000000741400000|
|  21|0x0000000741500000, 0x0000000741500000, 0x0000000741600000|  0%| F|  |TS  0|AC  0|TAMS 0x0000000741500000, 0x0000000741500000|
|  22|0x0000000741600000, 0x0000000741600000, 0x0000000741700000|  0%| F|  |TS  0|AC  0|TAMS 0x0000000741600000, 0x0000000741600000|
|  23|0x0000000741700000, 0x0000000741700000, 0x0000000741800000|  0%| F|  |TS  0|AC  0|TAMS 0x0000000741700000, 0x0000000741700000|
|  24|0x0000000741800000, 0x0000000741800000, 0x0000000741900000|  0%| F|  |TS  0|AC  0|TAMS 0x0000000741800000, 0x0000000741800000|
|  25|0x0000000741900000, 0x0000000741900000, 0x0000000741a00000|  0%| F|  |TS  0|AC  0|TAMS 0x0000000741900000, 0x0000000741900000|
|  26|0x0000000741a00000, 0x0000000741a00000, 0x0000000741b00000|  0%| F|  |TS  0|AC  0|TAMS 0x0000000741a00000, 0x0000000741a00000|
|  27|0x0000000741b00000, 0x0000000741b00000, 0x0000000741c00000|  0%| F|  |TS  0|AC  0|TAMS 0x0000000741b00000, 0x0000000741b00000|
|  28|0x0000000741c00000, 0x0000000741c00000, 0x0000000741d00000|  0%| F|  |TS  0|AC  0|TAMS 0x0000000741c00000, 0x0000000741c00000|
|  29|0x0000000741d00000, 0x0000000741d00000, 0x0000000741e00000|  0%| F|  |TS  0|AC  0|TAMS 0x0000000741d00000, 0x0000000741d00000|
|  30|0x0000000741e00000, 0x0000000741e00000, 0x0000000741f00000|  0%| F|  |TS  0|AC  0|TAMS 0x0000000741e00000, 0x0000000741e00000|
|  31|0x0000000741f00000, 0x0000000741f00000, 0x0000000742000000|  0%| F|  |TS  0|AC  0|TAMS 0x0000000741f00000, 0x0000000741f00000|
|  32|0x0000000742000000, 0x0000000742000000, 0x0000000742100000|  0%| F|  |TS  0|AC  0|TAMS 0x0000000742000000, 0x0000000742000000|
|  33|0x0000000742100000, 0x0000000742100000, 0x0000000742200000|  0%| F|  |TS  0|AC  0|TAMS 0x0000000742100000, 0x0000000742100000|
|  34|0x0000000742200000, 0x0000000742200000, 0x0000000742300000|  0%| F|  |TS  0|AC  0|TAMS 0x0000000742200000, 0x0000000742200000|
|  35|0x0000000742300000, 0x0000000742300000, 0x0000000742400000|  0%| F|  |TS  0|AC  0|TAMS 0x0000000742300000, 0x0000000742300000|
|  36|0x0000000742400000, 0x0000000742400000, 0x0000000742500000|  0%| F|  |TS  0|AC  0|TAMS 0x0000000742400000, 0x0000000742400000|
|  37|0x0000000742500000, 0x0000000742500000, 0x0000000742600000|  0%| F|  |TS  0|AC  0|TAMS 0x0000000742500000, 0x0000000742500000|
|  38|0x0000000742600000, 0x0000000742600000, 0x0000000742700000|  0%| F|  |TS  0|AC  0|TAMS 0x0000000742600000, 0x0000000742600000|
|  39|0x0000000742700000, 0x0000000742700000, 0x0000000742800000|  0%| F|  |TS  0|AC  0|TAMS 0x0000000742700000, 0x0000000742700000|
|  40|0x0000000742800000, 0x0000000742800000, 0x0000000742900000|  0%| F|  |TS  0|AC  0|TAMS 0x0000000742800000, 0x0000000742800000|
|  41|0x0000000742900000, 0x0000000742900000, 0x0000000742a00000|  0%| F|  |TS  0|AC  0|TAMS 0x0000000742900000, 0x0000000742900000|
|  42|0x0000000742a00000, 0x0000000742a00000, 0x0000000742b00000|  0%| F|  |TS  0|AC  0|TAMS 0x0000000742a00000, 0x0000000742a00000|
|  43|0x0000000742b00000, 0x0000000742b00000, 0x0000000742c00000|  0%| F|  |TS  0|AC  0|TAMS 0x0000000742b00000, 0x0000000742b00000|
|  44|0x0000000742c00000, 0x0000000742c00000, 0x0000000742d00000|  0%| F|  |TS  0|AC  0|TAMS 0x0000000742c00000, 0x0000000742c00000|
|  45|0x0000000742d00000, 0x0000000742d00000, 0x0000000742e00000|  0%| F|  |TS  0|AC  0|TAMS 0x0000000742d00000, 0x0000000742d00000|
|  46|0x0000000742e00000, 0x0000000742e00000, 0x0000000742f00000|  0%| F|  |TS  0|AC  0|TAMS 0x0000000742e00000, 0x0000000742e00000|
|  47|0x0000000742f00000, 0x0000000742f00000, 0x0000000743000000|  0%| F|  |TS  6|AC  0|TAMS 0x0000000742f00000, 0x0000000742f00000|
|  48|0x0000000743000000, 0x0000000743000000, 0x0000000743100000|  0%| F|  |TS  6|AC  0|TAMS 0x0000000743000000, 0x0000000743000000|
|  49|0x0000000743100000, 0x0000000743100000, 0x0000000743200000|  0%| F|  |TS  6|AC  0|TAMS 0x0000000743100000, 0x0000000743100000|
|  50|0x0000000743200000, 0x0000000743200000, 0x0000000743300000|  0%| F|  |TS  6|AC  0|TAMS 0x0000000743200000, 0x0000000743200000|
|  51|0x0000000743300000, 0x0000000743300000, 0x0000000743400000|  0%| F|  |TS  6|AC  0|TAMS 0x0000000743300000, 0x0000000743300000|
|  52|0x0000000743400000, 0x000000074342d918, 0x0000000743500000| 17%| S|CS|TS  6|AC  0|TAMS 0x0000000743400000, 0x0000000743400000|
|  53|0x0000000743500000, 0x0000000743600000, 0x0000000743600000|100%| S|CS|TS  6|AC  0|TAMS 0x0000000743500000, 0x0000000743500000|
|  54|0x0000000743600000, 0x0000000743700000, 0x0000000743700000|100%| S|CS|TS  6|AC  0|TAMS 0x0000000743600000, 0x0000000743600000|
|  55|0x0000000743700000, 0x0000000743800000, 0x0000000743800000|100%| S|CS|TS  6|AC  0|TAMS 0x0000000743700000, 0x0000000743700000|
|  56|0x0000000743800000, 0x0000000743900000, 0x0000000743900000|100%| S|CS|TS  6|AC  0|TAMS 0x0000000743800000, 0x0000000743800000|
|  57|0x0000000743900000, 0x0000000743900000, 0x0000000743a00000|  0%| F|  |TS  6|AC  0|TAMS 0x0000000743900000, 0x0000000743900000|
|  58|0x0000000743a00000, 0x0000000743a00000, 0x0000000743b00000|  0%| F|  |TS  6|AC  0|TAMS 0x0000000743a00000, 0x0000000743a00000|
|  59|0x0000000743b00000, 0x0000000743b00000, 0x0000000743c00000|  0%| F|  |TS  6|AC  0|TAMS 0x0000000743b00000, 0x0000000743b00000|
|  60|0x0000000743c00000, 0x0000000743c00000, 0x0000000743d00000|  0%| F|  |TS  6|AC  0|TAMS 0x0000000743c00000, 0x0000000743c00000|
|  61|0x0000000743d00000, 0x0000000743d00000, 0x0000000743e00000|  0%| F|  |TS  6|AC  0|TAMS 0x0000000743d00000, 0x0000000743d00000|
|  62|0x0000000743e00000, 0x0000000743e00000, 0x0000000743f00000|  0%| F|  |TS  6|AC  0|TAMS 0x0000000743e00000, 0x0000000743e00000|
|  63|0x0000000743f00000, 0x0000000743f00000, 0x0000000744000000|  0%| F|  |TS  6|AC  0|TAMS 0x0000000743f00000, 0x0000000743f00000|
|  64|0x0000000744000000, 0x0000000744000000, 0x0000000744100000|  0%| F|  |TS  6|AC  0|TAMS 0x0000000744000000, 0x0000000744000000|
|  65|0x0000000744100000, 0x0000000744100000, 0x0000000744200000|  0%| F|  |TS  6|AC  0|TAMS 0x0000000744100000, 0x0000000744100000|
|  66|0x0000000744200000, 0x0000000744200000, 0x0000000744300000|  0%| F|  |TS  6|AC  0|TAMS 0x0000000744200000, 0x0000000744200000|
|  67|0x0000000744300000, 0x0000000744300000, 0x0000000744400000|  0%| F|  |TS  6|AC  0|TAMS 0x0000000744300000, 0x0000000744300000|
|  68|0x0000000744400000, 0x0000000744400000, 0x0000000744500000|  0%| F|  |TS  6|AC  0|TAMS 0x0000000744400000, 0x0000000744400000|
|  69|0x0000000744500000, 0x0000000744500000, 0x0000000744600000|  0%| F|  |TS  6|AC  0|TAMS 0x0000000744500000, 0x0000000744500000|
|  70|0x0000000744600000, 0x0000000744600000, 0x0000000744700000|  0%| F|  |TS  6|AC  0|TAMS 0x0000000744600000, 0x0000000744600000|
|  71|0x0000000744700000, 0x0000000744700000, 0x0000000744800000|  0%| F|  |TS  6|AC  0|TAMS 0x0000000744700000, 0x0000000744700000|
|  72|0x0000000744800000, 0x0000000744800000, 0x0000000744900000|  0%| F|  |TS  6|AC  0|TAMS 0x0000000744800000, 0x0000000744800000|
|  73|0x0000000744900000, 0x0000000744900000, 0x0000000744a00000|  0%| F|  |TS  6|AC  0|TAMS 0x0000000744900000, 0x0000000744900000|
|  74|0x0000000744a00000, 0x0000000744a00000, 0x0000000744b00000|  0%| F|  |TS  6|AC  0|TAMS 0x0000000744a00000, 0x0000000744a00000|
|  75|0x0000000744b00000, 0x0000000744b00000, 0x0000000744c00000|  0%| F|  |TS  6|AC  0|TAMS 0x0000000744b00000, 0x0000000744b00000|
|  76|0x0000000744c00000, 0x0000000744c00000, 0x0000000744d00000|  0%| F|  |TS  6|AC  0|TAMS 0x0000000744c00000, 0x0000000744c00000|
|  77|0x0000000744d00000, 0x0000000744d00000, 0x0000000744e00000|  0%| F|  |TS  6|AC  0|TAMS 0x0000000744d00000, 0x0000000744d00000|
|  78|0x0000000744e00000, 0x0000000744e00000, 0x0000000744f00000|  0%| F|  |TS  6|AC  0|TAMS 0x0000000744e00000, 0x0000000744e00000|
|  79|0x0000000744f00000, 0x0000000744f00000, 0x0000000745000000|  0%| F|  |TS  6|AC  0|TAMS 0x0000000744f00000, 0x0000000744f00000|
|  80|0x0000000745000000, 0x0000000745000000, 0x0000000745100000|  0%| F|  |TS  6|AC  0|TAMS 0x0000000745000000, 0x0000000745000000|
|  81|0x0000000745100000, 0x0000000745100000, 0x0000000745200000|  0%| F|  |TS  6|AC  0|TAMS 0x0000000745100000, 0x0000000745100000|
|  82|0x0000000745200000, 0x0000000745200000, 0x0000000745300000|  0%| F|  |TS  6|AC  0|TAMS 0x0000000745200000, 0x0000000745200000|
|  83|0x0000000745300000, 0x0000000745300000, 0x0000000745400000|  0%| F|  |TS  6|AC  0|TAMS 0x0000000745300000, 0x0000000745300000|
|  84|0x0000000745400000, 0x0000000745400000, 0x0000000745500000|  0%| F|  |TS  6|AC  0|TAMS 0x0000000745400000, 0x0000000745400000|
|  85|0x0000000745500000, 0x0000000745500000, 0x0000000745600000|  0%| F|  |TS  6|AC  0|TAMS 0x0000000745500000, 0x0000000745500000|
|  86|0x0000000745600000, 0x0000000745600000, 0x0000000745700000|  0%| F|  |TS  6|AC  0|TAMS 0x0000000745600000, 0x0000000745600000|
|  87|0x0000000745700000, 0x0000000745700000, 0x0000000745800000|  0%| F|  |TS  6|AC  0|TAMS 0x0000000745700000, 0x0000000745700000|
|  88|0x0000000745800000, 0x0000000745800000, 0x0000000745900000|  0%| F|  |TS  6|AC  0|TAMS 0x0000000745800000, 0x0000000745800000|
|  89|0x0000000745900000, 0x0000000745900000, 0x0000000745a00000|  0%| F|  |TS  6|AC  0|TAMS 0x0000000745900000, 0x0000000745900000|
|  90|0x0000000745a00000, 0x0000000745a00000, 0x0000000745b00000|  0%| F|  |TS  6|AC  0|TAMS 0x0000000745a00000, 0x0000000745a00000|
|  91|0x0000000745b00000, 0x0000000745b00000, 0x0000000745c00000|  0%| F|  |TS  6|AC  0|TAMS 0x0000000745b00000, 0x0000000745b00000|
|  92|0x0000000745c00000, 0x0000000745c00000, 0x0000000745d00000|  0%| F|  |TS  6|AC  0|TAMS 0x0000000745c00000, 0x0000000745c00000|
|  93|0x0000000745d00000, 0x0000000745d00000, 0x0000000745e00000|  0%| F|  |TS  6|AC  0|TAMS 0x0000000745d00000, 0x0000000745d00000|
|  94|0x0000000745e00000, 0x0000000745e00000, 0x0000000745f00000|  0%| F|  |TS  6|AC  0|TAMS 0x0000000745e00000, 0x0000000745e00000|
|  95|0x0000000745f00000, 0x0000000745f00000, 0x0000000746000000|  0%| F|  |TS  6|AC  0|TAMS 0x0000000745f00000, 0x0000000745f00000|
|  96|0x0000000746000000, 0x0000000746000000, 0x0000000746100000|  0%| F|  |TS  6|AC  0|TAMS 0x0000000746000000, 0x0000000746000000|
|  97|0x0000000746100000, 0x0000000746180800, 0x0000000746200000| 50%| E|  |TS  6|AC  0|TAMS 0x0000000746100000, 0x0000000746100000|
|  98|0x0000000746200000, 0x0000000746300000, 0x0000000746300000|100%| E|CS|TS  6|AC  0|TAMS 0x0000000746200000, 0x0000000746200000|
|  99|0x0000000746300000, 0x0000000746400000, 0x0000000746400000|100%| E|CS|TS  6|AC  0|TAMS 0x0000000746300000, 0x0000000746300000|
| 100|0x0000000746400000, 0x0000000746500000, 0x0000000746500000|100%| E|CS|TS  6|AC  0|TAMS 0x0000000746400000, 0x0000000746400000|
| 101|0x0000000746500000, 0x0000000746600000, 0x0000000746600000|100%| E|CS|TS  6|AC  0|TAMS 0x0000000746500000, 0x0000000746500000|
| 102|0x0000000746600000, 0x0000000746700000, 0x0000000746700000|100%| E|CS|TS  6|AC  0|TAMS 0x0000000746600000, 0x0000000746600000|
| 103|0x0000000746700000, 0x0000000746800000, 0x0000000746800000|100%| E|CS|TS  6|AC  0|TAMS 0x0000000746700000, 0x0000000746700000|
| 104|0x0000000746800000, 0x0000000746900000, 0x0000000746900000|100%| E|CS|TS  6|AC  0|TAMS 0x0000000746800000, 0x0000000746800000|
| 105|0x0000000746900000, 0x0000000746a00000, 0x0000000746a00000|100%| E|CS|TS  6|AC  0|TAMS 0x0000000746900000, 0x0000000746900000|
| 106|0x0000000746a00000, 0x0000000746b00000, 0x0000000746b00000|100%| E|CS|TS  6|AC  0|TAMS 0x0000000746a00000, 0x0000000746a00000|
| 107|0x0000000746b00000, 0x0000000746c00000, 0x0000000746c00000|100%| E|CS|TS  6|AC  0|TAMS 0x0000000746b00000, 0x0000000746b00000|
| 108|0x0000000746c00000, 0x0000000746d00000, 0x0000000746d00000|100%| E|CS|TS  6|AC  0|TAMS 0x0000000746c00000, 0x0000000746c00000|
| 109|0x0000000746d00000, 0x0000000746e00000, 0x0000000746e00000|100%| E|CS|TS  6|AC  0|TAMS 0x0000000746d00000, 0x0000000746d00000|
| 110|0x0000000746e00000, 0x0000000746f00000, 0x0000000746f00000|100%| E|CS|TS  6|AC  0|TAMS 0x0000000746e00000, 0x0000000746e00000|
| 111|0x0000000746f00000, 0x0000000747000000, 0x0000000747000000|100%| E|CS|TS  6|AC  0|TAMS 0x0000000746f00000, 0x0000000746f00000|
| 112|0x0000000747000000, 0x0000000747100000, 0x0000000747100000|100%| E|CS|TS  6|AC  0|TAMS 0x0000000747000000, 0x0000000747000000|
| 113|0x0000000747100000, 0x0000000747200000, 0x0000000747200000|100%| E|CS|TS  6|AC  0|TAMS 0x0000000747100000, 0x0000000747100000|
| 114|0x0000000747200000, 0x0000000747300000, 0x0000000747300000|100%| E|CS|TS  6|AC  0|TAMS 0x0000000747200000, 0x0000000747200000|
| 115|0x0000000747300000, 0x0000000747400000, 0x0000000747400000|100%| E|CS|TS  6|AC  0|TAMS 0x0000000747300000, 0x0000000747300000|
| 116|0x0000000747400000, 0x0000000747500000, 0x0000000747500000|100%| E|CS|TS  6|AC  0|TAMS 0x0000000747400000, 0x0000000747400000|
| 117|0x0000000747500000, 0x0000000747600000, 0x0000000747600000|100%| E|CS|TS  6|AC  0|TAMS 0x0000000747500000, 0x0000000747500000|
| 118|0x0000000747600000, 0x0000000747700000, 0x0000000747700000|100%| E|CS|TS  6|AC  0|TAMS 0x0000000747600000, 0x0000000747600000|
| 119|0x0000000747700000, 0x0000000747800000, 0x0000000747800000|100%| E|CS|TS  6|AC  0|TAMS 0x0000000747700000, 0x0000000747700000|
| 120|0x0000000747800000, 0x0000000747900000, 0x0000000747900000|100%| E|CS|TS  6|AC  0|TAMS 0x0000000747800000, 0x0000000747800000|
| 121|0x0000000747900000, 0x0000000747a00000, 0x0000000747a00000|100%| E|CS|TS  6|AC  0|TAMS 0x0000000747900000, 0x0000000747900000|
| 122|0x0000000747a00000, 0x0000000747b00000, 0x0000000747b00000|100%| E|CS|TS  6|AC  0|TAMS 0x0000000747a00000, 0x0000000747a00000|
| 123|0x0000000747b00000, 0x0000000747c00000, 0x0000000747c00000|100%| E|CS|TS  6|AC  0|TAMS 0x0000000747b00000, 0x0000000747b00000|
| 124|0x0000000747c00000, 0x0000000747d00000, 0x0000000747d00000|100%| E|CS|TS  6|AC  0|TAMS 0x0000000747c00000, 0x0000000747c00000|
| 125|0x0000000747d00000, 0x0000000747e00000, 0x0000000747e00000|100%| E|CS|TS  6|AC  0|TAMS 0x0000000747d00000, 0x0000000747d00000|
| 126|0x0000000747e00000, 0x0000000747f00000, 0x0000000747f00000|100%| E|CS|TS  6|AC  0|TAMS 0x0000000747e00000, 0x0000000747e00000|
| 127|0x0000000747f00000, 0x0000000748000000, 0x0000000748000000|100%| E|CS|TS  6|AC  0|TAMS 0x0000000747f00000, 0x0000000747f00000|

Card table byte_map: [0x000000010988b000,0x0000000109c8b000] byte_map_base: 0x0000000105e8b000

Marking Bits (Prev, Next): (CMBitMap*) 0x00007feaaf03a060, (CMBitMap*) 0x00007feaaf03a098
 Prev Bits: [0x000000010a08b000, 0x000000010c08b000)
 Next Bits: [0x000000010c08b000, 0x000000010e08b000)

Polling page: 0x000000010786f000

CodeHeap 'non-profiled nmethods': size=120032Kb used=4418Kb max_used=4418Kb free=115613Kb
 bounds [0x00000001255f5000, 0x0000000125a55000, 0x000000012cb2d000]
CodeHeap 'profiled nmethods': size=120032Kb used=11492Kb max_used=11492Kb free=108539Kb
 bounds [0x000000011e0bd000, 0x000000011ebfd000, 0x00000001255f5000]
CodeHeap 'non-nmethods': size=5696Kb used=1439Kb max_used=1523Kb free=4256Kb
 bounds [0x000000011db2d000, 0x000000011dd9d000, 0x000000011e0bd000]
 total_blobs=8752 nmethods=5738 adapters=878
 compilation: enabled

Compilation events (10 events):
Event: 91.877 Thread 0x00007feaaf072800 5992       4       sk.tuke.kpi.gamelib.graphics.Animation::getScale (8 bytes)
Event: 91.892 Thread 0x00007feaaf072800 nmethod 5992 0x0000000125a44690 code [0x0000000125a44860, 0x0000000125a44de8]
Event: 91.950 Thread 0x00007feab0048800 5993  s!   3       sun.java2d.opengl.OGLRenderQueue$QueueFlusher::run (234 bytes)
Event: 91.953 Thread 0x00007feab0048800 nmethod 5993 0x000000011ebf8390 code [0x000000011ebf87a0, 0x000000011ebfa648]
Event: 92.262 Thread 0x00007feaaf071800 5994       4       sk.tuke.kpi.gamelib.gdxe.Rendering::rect (86 bytes)
Event: 92.267 Thread 0x00007feaaf071800 nmethod 5994 0x0000000125a45090 code [0x0000000125a45260, 0x0000000125a453d0]
Event: 92.400 Thread 0x00007feab0048800 5995       3       java.lang.Long::reverseBytes (46 bytes)
Event: 92.400 Thread 0x00007feab0048800 nmethod 5995 0x000000011ebfb390 code [0x000000011ebfb540, 0x000000011ebfb6d0]
Event: 92.808 Thread 0x00007feaaf072800 5996       4       java.nio.DirectByteBuffer::put (18 bytes)
Event: 92.811 Thread 0x00007feaaf072800 nmethod 5996 0x0000000125a45590 code [0x0000000125a45720, 0x0000000125a457d8]

GC Heap History (10 events):
Event: 31.779 GC heap before
{Heap before GC invocations=9 (full 0):
 garbage-first heap   total 131072K, used 80660K [0x0000000740000000, 0x00000007c0000000)
  region size 1024K, 66 young (67584K), 6 survivors (6144K)
 Metaspace       used 36913K, capacity 37558K, committed 38272K, reserved 1083392K
  class space    used 3851K, capacity 4167K, committed 4224K, reserved 1048576K
}
Event: 31.791 GC heap after
{Heap after GC invocations=10 (full 0):
 garbage-first heap   total 131072K, used 18279K [0x0000000740000000, 0x00000007c0000000)
  region size 1024K, 5 young (5120K), 5 survivors (5120K)
 Metaspace       used 36913K, capacity 37558K, committed 38272K, reserved 1083392K
  class space    used 3851K, capacity 4167K, committed 4224K, reserved 1048576K
}
Event: 46.019 GC heap before
{Heap before GC invocations=10 (full 0):
 garbage-first heap   total 131072K, used 90983K [0x0000000740000000, 0x00000007c0000000)
  region size 1024K, 76 young (77824K), 5 survivors (5120K)
 Metaspace       used 36914K, capacity 37558K, committed 38272K, reserved 1083392K
  class space    used 3852K, capacity 4167K, committed 4224K, reserved 1048576K
}
Event: 46.032 GC heap after
{Heap after GC invocations=11 (full 0):
 garbage-first heap   total 131072K, used 18278K [0x0000000740000000, 0x00000007c0000000)
  region size 1024K, 5 young (5120K), 5 survivors (5120K)
 Metaspace       used 36914K, capacity 37558K, committed 38272K, reserved 1083392K
  class space    used 3852K, capacity 4167K, committed 4224K, reserved 1048576K
}
Event: 59.890 GC heap before
{Heap before GC invocations=11 (full 0):
 garbage-first heap   total 131072K, used 90982K [0x0000000740000000, 0x00000007c0000000)
  region size 1024K, 76 young (77824K), 5 survivors (5120K)
 Metaspace       used 36914K, capacity 37558K, committed 38272K, reserved 1083392K
  class space    used 3852K, capacity 4167K, committed 4224K, reserved 1048576K
}
Event: 59.899 GC heap after
{Heap after GC invocations=12 (full 0):
 garbage-first heap   total 131072K, used 18152K [0x0000000740000000, 0x00000007c0000000)
  region size 1024K, 5 young (5120K), 5 survivors (5120K)
 Metaspace       used 36914K, capacity 37558K, committed 38272K, reserved 1083392K
  class space    used 3852K, capacity 4167K, committed 4224K, reserved 1048576K
}
Event: 73.669 GC heap before
{Heap before GC invocations=12 (full 0):
 garbage-first heap   total 131072K, used 90856K [0x0000000740000000, 0x00000007c0000000)
  region size 1024K, 76 young (77824K), 5 survivors (5120K)
 Metaspace       used 36914K, capacity 37558K, committed 38272K, reserved 1083392K
  class space    used 3852K, capacity 4167K, committed 4224K, reserved 1048576K
}
Event: 73.677 GC heap after
{Heap after GC invocations=13 (full 0):
 garbage-first heap   total 131072K, used 18279K [0x0000000740000000, 0x00000007c0000000)
  region size 1024K, 5 young (5120K), 5 survivors (5120K)
 Metaspace       used 36914K, capacity 37558K, committed 38272K, reserved 1083392K
  class space    used 3852K, capacity 4167K, committed 4224K, reserved 1048576K
}
Event: 87.370 GC heap before
{Heap before GC invocations=13 (full 0):
 garbage-first heap   total 131072K, used 90983K [0x0000000740000000, 0x00000007c0000000)
  region size 1024K, 76 young (77824K), 5 survivors (5120K)
 Metaspace       used 36914K, capacity 37558K, committed 38272K, reserved 1083392K
  class space    used 3852K, capacity 4167K, committed 4224K, reserved 1048576K
}
Event: 87.375 GC heap after
{Heap after GC invocations=14 (full 0):
 garbage-first heap   total 131072K, used 18273K [0x0000000740000000, 0x00000007c0000000)
  region size 1024K, 5 young (5120K), 5 survivors (5120K)
 Metaspace       used 36914K, capacity 37558K, committed 38272K, reserved 1083392K
  class space    used 3852K, capacity 4167K, committed 4224K, reserved 1048576K
}

Deoptimization events (10 events):
Event: 21.411 Thread 0x00007feaae9f5800 Uncommon trap: reason=array_check action=maybe_recompile pc=0x00000001257ff6d0 method=com.badlogic.gdx.utils.Array.add(Ljava/lang/Object;)V @ 46 c2
Event: 21.411 Thread 0x00007feaae9f5800 Uncommon trap: reason=array_check action=maybe_recompile pc=0x00000001257ff6d0 method=com.badlogic.gdx.utils.Array.add(Ljava/lang/Object;)V @ 46 c2
Event: 31.079 Thread 0x00007feab0614000 Uncommon trap: reason=class_check action=make_not_entrant pc=0x00000001258e2900 method=java.util.ArrayList.toArray([Ljava/lang/Object;)[Ljava/lang/Object; @ 21 c2
Event: 90.189 Thread 0x00007feab0614000 Uncommon trap: reason=class_check action=maybe_recompile pc=0x00000001258232c4 method=java.awt.AWTEventMulticaster.removeInternal(Ljava/util/EventListener;Ljava/util/EventListener;)Ljava/util/EventListener; @ 19 c2
Event: 90.679 Thread 0x00007feab0614000 Uncommon trap: reason=intrinsic_or_type_checked_inlining action=make_not_entrant pc=0x000000012592a854 method=java.util.ArrayList.toArray([Ljava/lang/Object;)[Ljava/lang/Object; @ 36 c2
Event: 90.679 Thread 0x00007feab0614000 Uncommon trap: reason=intrinsic_or_type_checked_inlining action=make_not_entrant pc=0x00000001258ffe54 method=java.util.ArrayList.toArray([Ljava/lang/Object;)[Ljava/lang/Object; @ 36 c2
Event: 90.696 Thread 0x00007feab0614000 Uncommon trap: reason=unstable_if action=reinterpret pc=0x0000000125a30e30 method=com.apple.laf.AquaTextFieldBorder.getStateFor(Ljavax/swing/text/JTextComponent;)Lapple/laf/JRSUIConstants$State; @ 4 c2
Event: 90.720 Thread 0x00007feab0614000 Uncommon trap: reason=unstable_if action=reinterpret pc=0x0000000125a2b3c8 method=com.apple.laf.AquaTextFieldBorder.getStateFor(Ljavax/swing/text/JTextComponent;)Lapple/laf/JRSUIConstants$State; @ 4 c2
Event: 91.203 Thread 0x00007feab0614000 Uncommon trap: reason=class_check action=maybe_recompile pc=0x00000001258232c4 method=java.awt.AWTEventMulticaster.removeInternal(Ljava/util/EventListener;Ljava/util/EventListener;)Ljava/util/EventListener; @ 19 c2
Event: 92.234 Thread 0x00007feab0614000 Uncommon trap: reason=class_check action=maybe_recompile pc=0x00000001258232c4 method=java.awt.AWTEventMulticaster.removeInternal(Ljava/util/EventListener;Ljava/util/EventListener;)Ljava/util/EventListener; @ 19 c2

Classes redefined (0 events):
No events

Internal exceptions (10 events):
Event: 16.516 Thread 0x00007feab0614000 Exception <a 'java/lang/reflect/InvocationTargetException'{0x000000074609b360}> (0x000000074609b360) thrown at [/scratch/mesos/slaves/9190d864-6621-4810-ba08-d8d8c75ba674-S34/frameworks/1735e8a2-a1db-478c-8104-60c8b0af87dd-0196/executors/f87b4890-2412-429
Event: 16.553 Thread 0x00007feab0614000 Exception <a 'java/lang/reflect/InvocationTargetException'{0x00000007460e8848}> (0x00000007460e8848) thrown at [/scratch/mesos/slaves/9190d864-6621-4810-ba08-d8d8c75ba674-S34/frameworks/1735e8a2-a1db-478c-8104-60c8b0af87dd-0196/executors/f87b4890-2412-429
Event: 16.554 Thread 0x00007feab0614000 Exception <a 'java/lang/reflect/InvocationTargetException'{0x00000007460ed158}> (0x00000007460ed158) thrown at [/scratch/mesos/slaves/9190d864-6621-4810-ba08-d8d8c75ba674-S34/frameworks/1735e8a2-a1db-478c-8104-60c8b0af87dd-0196/executors/f87b4890-2412-429
Event: 16.592 Thread 0x00007feab0614000 Exception <a 'java/lang/NoSuchMethodError'{0x0000000745f97a18}: java.lang.invoke.DirectMethodHandle$Holder.invokeSpecial(Ljava/lang/Object;Ljava/lang/Object;IILjava/lang/Object;Ljava/lang/Object;Ljava/lang/Object;Ljava/lang/Object;)Ljava/lang/Object;> (0x
Event: 16.592 Thread 0x00007feab0614000 Exception <a 'java/lang/NoSuchMethodError'{0x0000000745f9b5b8}: java.lang.invoke.DelegatingMethodHandle$Holder.reinvoke_L(Ljava/lang/Object;IILjava/lang/Object;Ljava/lang/Object;Ljava/lang/Object;Ljava/lang/Object;)Ljava/lang/Object;> (0x0000000745f9b5b8)
Event: 16.598 Thread 0x00007feab0614000 Exception <a 'java/lang/NoSuchMethodError'{0x0000000745fd3730}: java.lang.invoke.DirectMethodHandle$Holder.invokeStatic(Ljava/lang/Object;Ljava/lang/Object;Ljava/lang/Object;Ljava/lang/Object;Ljava/lang/Object;Ljava/lang/Object;Ljava/lang/Object;Ljava/lan
Event: 16.602 Thread 0x00007feab0614000 Exception <a 'java/lang/NoSuchMethodError'{0x0000000745ff2278}: java.lang.invoke.DirectMethodHandle$Holder.invokeStatic(Ljava/lang/Object;Ljava/lang/Object;Ljava/lang/Object;Ljava/lang/Object;Ljava/lang/Object;Ljava/lang/Object;Ljava/lang/Object;Ljava/lan
Event: 16.606 Thread 0x00007feab0614000 Exception <a 'java/lang/NoSuchMethodError'{0x0000000745e18f58}: method resolution failed> (0x0000000745e18f58) thrown at [/scratch/mesos/slaves/9190d864-6621-4810-ba08-d8d8c75ba674-S34/frameworks/1735e8a2-a1db-478c-8104-60c8b0af87dd-0196/executors/f87b489
Event: 16.608 Thread 0x00007feab0614000 Exception <a 'java/lang/NoSuchMethodError'{0x0000000745e3aaa8}: method resolution failed> (0x0000000745e3aaa8) thrown at [/scratch/mesos/slaves/9190d864-6621-4810-ba08-d8d8c75ba674-S34/frameworks/1735e8a2-a1db-478c-8104-60c8b0af87dd-0196/executors/f87b489
Event: 16.662 Thread 0x00007feaae9f5800 Exception <a 'java/lang/NoSuchMethodError'{0x0000000745ffd3b0}: java.lang.invoke.DirectMethodHandle$Holder.invokeVirtual(Ljava/lang/Object;Ljava/lang/Object;)V> (0x0000000745ffd3b0) thrown at [/scratch/mesos/slaves/9190d864-6621-4810-ba08-d8d8c75ba674-S34

Events (10 events):
Event: 91.203 Thread 0x00007feab0614000 Uncommon trap: trap_request=0xffffffde fr.pc=0x00000001258232c4 relative=0x00000000000005a4
Event: 91.203 Thread 0x00007feab0614000 DEOPT PACKING pc=0x00000001258232c4 sp=0x0000700006723050
Event: 91.203 Thread 0x00007feab0614000 DEOPT UNPACKING pc=0x000000011db55325 sp=0x0000700006723030 mode 2
Event: 92.234 Thread 0x00007feab0614000 Uncommon trap: trap_request=0xffffffde fr.pc=0x00000001258232c4 relative=0x00000000000005a4
Event: 92.234 Thread 0x00007feab0614000 DEOPT PACKING pc=0x00000001258232c4 sp=0x0000700006723050
Event: 92.234 Thread 0x00007feab0614000 DEOPT UNPACKING pc=0x000000011db55325 sp=0x0000700006723030 mode 2
Event: 92.777 loading class com/badlogic/gdx/backends/lwjgl/LwjglApplication$2
Event: 92.777 loading class com/badlogic/gdx/backends/lwjgl/LwjglApplication$2 done
Event: 92.801 loading class org/lwjgl/opengl/CallbackUtil
Event: 92.801 loading class org/lwjgl/opengl/CallbackUtil done


Dynamic libraries:
0x00007fff4b0c0000 	/System/Library/Frameworks/Cocoa.framework/Versions/A/Cocoa
0x00007fff57340000 	/System/Library/Frameworks/Security.framework/Versions/A/Security
0x00007fff49cca000 	/System/Library/Frameworks/ApplicationServices.framework/Versions/A/ApplicationServices
0x00007fff787b1000 	/usr/lib/libz.1.dylib
0x00007fff75e27000 	/usr/lib/libSystem.B.dylib
0x00007fff4b8e2000 	/System/Library/Frameworks/CoreFoundation.framework/Versions/A/CoreFoundation
0x00007fff4dc61000 	/System/Library/Frameworks/Foundation.framework/Versions/C/Foundation
0x00007fff778ce000 	/usr/lib/libobjc.A.dylib
0x00007fff48e59000 	/System/Library/Frameworks/AppKit.framework/Versions/C/AppKit
0x00007fff4b457000 	/System/Library/Frameworks/CoreData.framework/Versions/A/CoreData
0x00007fff6f019000 	/System/Library/PrivateFrameworks/RemoteViewServices.framework/Versions/A/RemoteViewServices
0x00007fff73b02000 	/System/Library/PrivateFrameworks/UIFoundation.framework/Versions/A/UIFoundation
0x00007fff752ae000 	/System/Library/PrivateFrameworks/XCTTargetBootstrap.framework/Versions/A/XCTTargetBootstrap
0x00007fff69b78000 	/System/Library/PrivateFrameworks/IconServices.framework/Versions/A/IconServices
0x00007fff50506000 	/System/Library/Frameworks/Metal.framework/Versions/A/Metal
0x00007fff60e0a000 	/System/Library/PrivateFrameworks/DesktopServicesPriv.framework/Versions/A/DesktopServicesPriv
0x00007fff76be2000 	/usr/lib/libenergytrace.dylib
0x00007fff7187b000 	/System/Library/PrivateFrameworks/SkyLight.framework/Versions/A/SkyLight
0x00007fff4bd33000 	/System/Library/Frameworks/CoreGraphics.framework/Versions/A/CoreGraphics
0x00007fff47c14000 	/System/Library/Frameworks/Accelerate.framework/Versions/A/Accelerate
0x00007fff4e3e7000 	/System/Library/Frameworks/IOSurface.framework/Versions/A/IOSurface
0x00007fff60c6c000 	/System/Library/PrivateFrameworks/DFRFoundation.framework/Versions/A/DFRFoundation
0x00007fff4a1cf000 	/System/Library/Frameworks/AudioToolbox.framework/Versions/A/AudioToolbox
0x00007fff4a46d000 	/System/Library/Frameworks/AudioUnit.framework/Versions/A/AudioUnit
0x00007fff60d03000 	/System/Library/PrivateFrameworks/DataDetectorsCore.framework/Versions/A/DataDetectorsCore
0x00007fff4abac000 	/System/Library/Frameworks/Carbon.framework/Versions/A/Frameworks/HIToolbox.framework/Versions/A/HIToolbox
0x00007fff76d3d000 	/usr/lib/libicucore.A.dylib
0x00007fff5689c000 	/System/Library/Frameworks/QuartzCore.framework/Versions/A/QuartzCore
0x00007fff4af93000 	/System/Library/Frameworks/Carbon.framework/Versions/A/Frameworks/SpeechRecognition.framework/Versions/A/SpeechRecognition
0x00007fff75f8a000 	/usr/lib/libauto.dylib
0x00007fff786a4000 	/usr/lib/libxml2.2.dylib
0x00007fff60871000 	/System/Library/PrivateFrameworks/CoreUI.framework/Versions/A/CoreUI
0x00007fff4b335000 	/System/Library/Frameworks/CoreAudio.framework/Versions/A/CoreAudio
0x00007fff4da93000 	/System/Library/Frameworks/DiskArbitration.framework/Versions/A/DiskArbitration
0x00007fff76fed000 	/usr/lib/liblangid.dylib
0x00007fff6b022000 	/System/Library/PrivateFrameworks/MultitouchSupport.framework/Versions/A/MultitouchSupport
0x00007fff4e354000 	/System/Library/Frameworks/IOKit.framework/Versions/A/IOKit
0x00007fff75a75000 	/usr/lib/libDiagnosticMessagesClient.dylib
0x00007fff4cb9e000 	/System/Library/Frameworks/CoreServices.framework/Versions/A/CoreServices
0x00007fff6cd4c000 	/System/Library/PrivateFrameworks/PerformanceAnalysis.framework/Versions/A/PerformanceAnalysis
0x00007fff55a31000 	/System/Library/Frameworks/OpenGL.framework/Versions/A/OpenGL
0x00007fff4b0ce000 	/System/Library/Frameworks/ColorSync.framework/Versions/A/ColorSync
0x00007fff4c3c2000 	/System/Library/Frameworks/CoreImage.framework/Versions/A/CoreImage
0x00007fff4d5dc000 	/System/Library/Frameworks/CoreText.framework/Versions/A/CoreText
0x00007fff4e448000 	/System/Library/Frameworks/ImageIO.framework/Versions/A/ImageIO
0x00007fff5cee7000 	/System/Library/PrivateFrameworks/Backup.framework/Versions/A/Backup
0x00007fff75edd000 	/usr/lib/libarchive.2.dylib
0x00007fff4a7d1000 	/System/Library/Frameworks/CFNetwork.framework/Versions/A/CFNetwork
0x00007fff57ae9000 	/System/Library/Frameworks/SystemConfiguration.framework/Versions/A/SystemConfiguration
0x00007fff7599e000 	/usr/lib/libCRFSuite.dylib
0x00007fff76082000 	/usr/lib/libc++.1.dylib
0x00007fff760da000 	/usr/lib/libc++abi.dylib
0x00007fff78834000 	/usr/lib/system/libcache.dylib
0x00007fff78839000 	/usr/lib/system/libcommonCrypto.dylib
0x00007fff78844000 	/usr/lib/system/libcompiler_rt.dylib
0x00007fff7884c000 	/usr/lib/system/libcopyfile.dylib
0x00007fff78856000 	/usr/lib/system/libcorecrypto.dylib
0x00007fff78960000 	/usr/lib/system/libdispatch.dylib
0x00007fff7899b000 	/usr/lib/system/libdyld.dylib
0x00007fff789cb000 	/usr/lib/system/libkeymgr.dylib
0x00007fff789d9000 	/usr/lib/system/liblaunch.dylib
0x00007fff789da000 	/usr/lib/system/libmacho.dylib
0x00007fff789e0000 	/usr/lib/system/libquarantine.dylib
0x00007fff789e3000 	/usr/lib/system/libremovefile.dylib
0x00007fff789e5000 	/usr/lib/system/libsystem_asl.dylib
0x00007fff789fd000 	/usr/lib/system/libsystem_blocks.dylib
0x00007fff789fe000 	/usr/lib/system/libsystem_c.dylib
0x00007fff78a87000 	/usr/lib/system/libsystem_configuration.dylib
0x00007fff78a8b000 	/usr/lib/system/libsystem_coreservices.dylib
0x00007fff78a8f000 	/usr/lib/system/libsystem_darwin.dylib
0x00007fff78a96000 	/usr/lib/system/libsystem_dnssd.dylib
0x00007fff78a9d000 	/usr/lib/system/libsystem_info.dylib
0x00007fff78b12000 	/usr/lib/system/libsystem_m.dylib
0x00007fff78b5e000 	/usr/lib/system/libsystem_malloc.dylib
0x00007fff78b83000 	/usr/lib/system/libsystem_networkextension.dylib
0x00007fff78b8f000 	/usr/lib/system/libsystem_notify.dylib
0x00007fff78bac000 	/usr/lib/system/libsystem_sandbox.dylib
0x00007fff78bb0000 	/usr/lib/system/libsystem_secinit.dylib
0x00007fff78aea000 	/usr/lib/system/libsystem_kernel.dylib
0x00007fff78b97000 	/usr/lib/system/libsystem_platform.dylib
0x00007fff78ba1000 	/usr/lib/system/libsystem_pthread.dylib
0x00007fff78bb3000 	/usr/lib/system/libsystem_symptoms.dylib
0x00007fff78bbb000 	/usr/lib/system/libsystem_trace.dylib
0x00007fff78bd2000 	/usr/lib/system/libunwind.dylib
0x00007fff78bd8000 	/usr/lib/system/libxpc.dylib
0x00007fff76062000 	/usr/lib/libbsm.0.dylib
0x00007fff789cc000 	/usr/lib/system/libkxld.dylib
0x00007fff5c1a3000 	/System/Library/PrivateFrameworks/AppleFSCompression.framework/Versions/A/AppleFSCompression
0x00007fff75ce6000 	/usr/lib/libOpenScriptingUtil.dylib
0x00007fff763c5000 	/usr/lib/libcoretls.dylib
0x00007fff763dc000 	/usr/lib/libcoretls_cfhelpers.dylib
0x00007fff78067000 	/usr/lib/libpam.2.dylib
0x00007fff7822a000 	/usr/lib/libsqlite3.dylib
0x00007fff78692000 	/usr/lib/libxar.1.dylib
0x00007fff76073000 	/usr/lib/libbz2.1.0.dylib
0x00007fff76fef000 	/usr/lib/liblzma.5.dylib
0x00007fff774e5000 	/usr/lib/libnetwork.dylib
0x00007fff75ec6000 	/usr/lib/libapple_nghttp2.dylib
0x00007fff7806e000 	/usr/lib/libpcap.A.dylib
0x00007fff4cf42000 	/System/Library/Frameworks/CoreServices.framework/Versions/A/Frameworks/FSEvents.framework/Versions/A/FSEvents
0x00007fff4cc1e000 	/System/Library/Frameworks/CoreServices.framework/Versions/A/Frameworks/CarbonCore.framework/Versions/A/CarbonCore
0x00007fff4d117000 	/System/Library/Frameworks/CoreServices.framework/Versions/A/Frameworks/Metadata.framework/Versions/A/Metadata
0x00007fff4d1ba000 	/System/Library/Frameworks/CoreServices.framework/Versions/A/Frameworks/OSServices.framework/Versions/A/OSServices
0x00007fff4d206000 	/System/Library/Frameworks/CoreServices.framework/Versions/A/Frameworks/SearchKit.framework/Versions/A/SearchKit
0x00007fff4cb9f000 	/System/Library/Frameworks/CoreServices.framework/Versions/A/Frameworks/AE.framework/Versions/A/AE
0x00007fff4cf4b000 	/System/Library/Frameworks/CoreServices.framework/Versions/A/Frameworks/LaunchServices.framework/Versions/A/LaunchServices
0x00007fff4cef7000 	/System/Library/Frameworks/CoreServices.framework/Versions/A/Frameworks/DictionaryServices.framework/Versions/A/DictionaryServices
0x00007fff4d275000 	/System/Library/Frameworks/CoreServices.framework/Versions/A/Frameworks/SharedFileList.framework/Versions/A/SharedFileList
0x00007fff519c1000 	/System/Library/Frameworks/NetFS.framework/Versions/A/NetFS
0x00007fff6b2be000 	/System/Library/PrivateFrameworks/NetAuth.framework/Versions/A/NetAuth
0x00007fff756e2000 	/System/Library/PrivateFrameworks/login.framework/Versions/A/Frameworks/loginsupport.framework/Versions/A/loginsupport
0x00007fff736fe000 	/System/Library/PrivateFrameworks/TCC.framework/Versions/A/TCC
0x00007fff5fe99000 	/System/Library/PrivateFrameworks/CoreNLP.framework/Versions/A/CoreNLP
0x00007fff6ad14000 	/System/Library/PrivateFrameworks/MetadataUtilities.framework/Versions/A/MetadataUtilities
0x00007fff770d0000 	/usr/lib/libmecabra.dylib
0x00007fff49ccb000 	/System/Library/Frameworks/ApplicationServices.framework/Versions/A/Frameworks/ATS.framework/Versions/A/ATS
0x00007fff4a036000 	/System/Library/Frameworks/ApplicationServices.framework/Versions/A/Frameworks/ColorSyncLegacy.framework/Versions/A/ColorSyncLegacy
0x00007fff4a0d7000 	/System/Library/Frameworks/ApplicationServices.framework/Versions/A/Frameworks/HIServices.framework/Versions/A/HIServices
0x00007fff4a12a000 	/System/Library/Frameworks/ApplicationServices.framework/Versions/A/Frameworks/LangAnalysis.framework/Versions/A/LangAnalysis
0x00007fff4a139000 	/System/Library/Frameworks/ApplicationServices.framework/Versions/A/Frameworks/PrintCore.framework/Versions/A/PrintCore
0x00007fff4a186000 	/System/Library/Frameworks/ApplicationServices.framework/Versions/A/Frameworks/QD.framework/Versions/A/QD
0x00007fff4a1c2000 	/System/Library/Frameworks/ApplicationServices.framework/Versions/A/Frameworks/SpeechSynthesis.framework/Versions/A/SpeechSynthesis
0x00007fff76102000 	/usr/lib/libcompression.dylib
0x00007fff4b7f8000 	/System/Library/Frameworks/CoreDisplay.framework/Versions/A/CoreDisplay
0x00007fff507c2000 	/System/Library/Frameworks/MetalPerformanceShaders.framework/Versions/A/MetalPerformanceShaders
0x00007fff47c2c000 	/System/Library/Frameworks/Accelerate.framework/Versions/A/Frameworks/vImage.framework/Versions/A/vImage
0x00007fff48ca8000 	/System/Library/Frameworks/Accelerate.framework/Versions/A/Frameworks/vecLib.framework/Versions/A/vecLib
0x00007fff48bf2000 	/System/Library/Frameworks/Accelerate.framework/Versions/A/Frameworks/vecLib.framework/Versions/A/libvMisc.dylib
0x00007fff48a0d000 	/System/Library/Frameworks/Accelerate.framework/Versions/A/Frameworks/vecLib.framework/Versions/A/libvDSP.dylib
0x00007fff482cd000 	/System/Library/Frameworks/Accelerate.framework/Versions/A/Frameworks/vecLib.framework/Versions/A/libBLAS.dylib
0x00007fff485b8000 	/System/Library/Frameworks/Accelerate.framework/Versions/A/Frameworks/vecLib.framework/Versions/A/libLAPACK.dylib
0x00007fff4895f000 	/System/Library/Frameworks/Accelerate.framework/Versions/A/Frameworks/vecLib.framework/Versions/A/libLinearAlgebra.dylib
0x00007fff489f9000 	/System/Library/Frameworks/Accelerate.framework/Versions/A/Frameworks/vecLib.framework/Versions/A/libSparseBLAS.dylib
0x00007fff48975000 	/System/Library/Frameworks/Accelerate.framework/Versions/A/Frameworks/vecLib.framework/Versions/A/libQuadrature.dylib
0x00007fff48545000 	/System/Library/Frameworks/Accelerate.framework/Versions/A/Frameworks/vecLib.framework/Versions/A/libBNNS.dylib
0x00007fff4897b000 	/System/Library/Frameworks/Accelerate.framework/Versions/A/Frameworks/vecLib.framework/Versions/A/libSparse.dylib
0x00007fff67397000 	/System/Library/PrivateFrameworks/GPUWrangler.framework/Versions/A/GPUWrangler
0x00007fff69741000 	/System/Library/PrivateFrameworks/IOAccelerator.framework/Versions/A/IOAccelerator
0x00007fff6974c000 	/System/Library/PrivateFrameworks/IOPresentment.framework/Versions/A/IOPresentment
0x00007fff60c7c000 	/System/Library/PrivateFrameworks/DSExternalDisplay.framework/Versions/A/DSExternalDisplay
0x00007fff54e76000 	/System/Library/Frameworks/OpenGL.framework/Versions/A/Libraries/libCoreFSCache.dylib
0x00007fff505b6000 	/System/Library/Frameworks/MetalPerformanceShaders.framework/Frameworks/MPSCore.framework/Versions/A/MPSCore
0x00007fff505d7000 	/System/Library/Frameworks/MetalPerformanceShaders.framework/Frameworks/MPSImage.framework/Versions/A/MPSImage
0x00007fff5067e000 	/System/Library/Frameworks/MetalPerformanceShaders.framework/Frameworks/MPSNeuralNetwork.framework/Versions/A/MPSNeuralNetwork
0x00007fff50655000 	/System/Library/Frameworks/MetalPerformanceShaders.framework/Frameworks/MPSMatrix.framework/Versions/A/MPSMatrix
0x00007fff507a6000 	/System/Library/Frameworks/MetalPerformanceShaders.framework/Frameworks/MPSRayIntersector.framework/Versions/A/MPSRayIntersector
0x00007fff6ad3d000 	/System/Library/PrivateFrameworks/MetalTools.framework/Versions/A/MetalTools
0x00007fff5b89f000 	/System/Library/PrivateFrameworks/AggregateDictionary.framework/Versions/A/AggregateDictionary
0x00007fff75cc6000 	/usr/lib/libMobileGestalt.dylib
0x00007fff4d742000 	/System/Library/Frameworks/CoreVideo.framework/Versions/A/CoreVideo
0x00007fff681fb000 	/System/Library/PrivateFrameworks/GraphVisualizer.framework/Versions/A/GraphVisualizer
0x00007fff61fa7000 	/System/Library/PrivateFrameworks/FaceCore.framework/Versions/A/FaceCore
0x00007fff5448d000 	/System/Library/Frameworks/OpenCL.framework/Versions/A/OpenCL
0x00007fff75aad000 	/usr/lib/libFosl_dynamic.dylib
0x00007fff6bb93000 	/System/Library/PrivateFrameworks/OTSVG.framework/Versions/A/OTSVG
0x00007fff49dcf000 	/System/Library/Frameworks/ApplicationServices.framework/Versions/A/Frameworks/ATS.framework/Versions/A/Resources/libFontParser.dylib
0x00007fff49eef000 	/System/Library/Frameworks/ApplicationServices.framework/Versions/A/Frameworks/ATS.framework/Versions/A/Resources/libFontRegistry.dylib
0x00007fff4e6c8000 	/System/Library/Frameworks/ImageIO.framework/Versions/A/Resources/libJPEG.dylib
0x00007fff4e9ea000 	/System/Library/Frameworks/ImageIO.framework/Versions/A/Resources/libTIFF.dylib
0x00007fff4e9c0000 	/System/Library/Frameworks/ImageIO.framework/Versions/A/Resources/libPng.dylib
0x00007fff4e5dd000 	/System/Library/Frameworks/ImageIO.framework/Versions/A/Resources/libGIF.dylib
0x00007fff4e5e2000 	/System/Library/Frameworks/ImageIO.framework/Versions/A/Resources/libJP2.dylib
0x00007fff4e9e7000 	/System/Library/Frameworks/ImageIO.framework/Versions/A/Resources/libRadiance.dylib
0x00007fff5c2fc000 	/System/Library/PrivateFrameworks/AppleJPEG.framework/Versions/A/AppleJPEG
0x00007fff54e81000 	/System/Library/Frameworks/OpenGL.framework/Versions/A/Libraries/libGFXShared.dylib
0x00007fff55044000 	/System/Library/Frameworks/OpenGL.framework/Versions/A/Libraries/libGLU.dylib
0x00007fff54e8a000 	/System/Library/Frameworks/OpenGL.framework/Versions/A/Libraries/libGL.dylib
0x00007fff54e96000 	/System/Library/Frameworks/OpenGL.framework/Versions/A/Libraries/libGLImage.dylib
0x00007fff54e73000 	/System/Library/Frameworks/OpenGL.framework/Versions/A/Libraries/libCVMSPluginSupport.dylib
0x00007fff54e7c000 	/System/Library/Frameworks/OpenGL.framework/Versions/A/Libraries/libCoreVMClient.dylib
0x00007fff76a54000 	/usr/lib/libcups.2.dylib
0x00007fff4face000 	/System/Library/Frameworks/Kerberos.framework/Versions/A/Kerberos
0x00007fff4e0a0000 	/System/Library/Frameworks/GSS.framework/Versions/A/GSS
0x00007fff781be000 	/usr/lib/libresolv.9.dylib
0x00007fff76c4b000 	/usr/lib/libiconv.2.dylib
0x00007fff682f1000 	/System/Library/PrivateFrameworks/Heimdal.framework/Versions/A/Heimdal
0x00007fff76c1a000 	/usr/lib/libheimdal-asn1.dylib
0x00007fff54504000 	/System/Library/Frameworks/OpenDirectory.framework/Versions/A/OpenDirectory
0x00007fff5ebaa000 	/System/Library/PrivateFrameworks/CommonAuth.framework/Versions/A/CommonAuth
0x00007fff544e7000 	/System/Library/Frameworks/OpenDirectory.framework/Versions/A/Frameworks/CFOpenDirectory.framework/Versions/A/CFOpenDirectory
0x00007fff57667000 	/System/Library/Frameworks/SecurityFoundation.framework/Versions/A/SecurityFoundation
0x00007fff5adbe000 	/System/Library/PrivateFrameworks/APFS.framework/Versions/A/APFS
0x00007fff7868e000 	/usr/lib/libutil.dylib
0x00007fff760f0000 	/usr/lib/libcharset.1.dylib
0x00007fff5c595000 	/System/Library/PrivateFrameworks/AppleSauce.framework/Versions/A/AppleSauce
0x00007fff5c723000 	/System/Library/PrivateFrameworks/AssertionServices.framework/Versions/A/AssertionServices
0x00007fff5cf8a000 	/System/Library/PrivateFrameworks/BaseBoard.framework/Versions/A/BaseBoard
0x00007fff7701f000 	/usr/lib/libmecab.1.0.0.dylib
0x00007fff76c14000 	/usr/lib/libgermantok.dylib
0x00007fff75eb2000 	/usr/lib/libThaiTokenizer.dylib
0x00007fff759d9000 	/usr/lib/libChineseTokenizer.dylib
0x00007fff69e74000 	/System/Library/PrivateFrameworks/LanguageModeling.framework/Versions/A/LanguageModeling
0x00007fff5f8b0000 	/System/Library/PrivateFrameworks/CoreEmoji.framework/Versions/A/CoreEmoji
0x00007fff69f6c000 	/System/Library/PrivateFrameworks/Lexicon.framework/Versions/A/Lexicon
0x00007fff69fb4000 	/System/Library/PrivateFrameworks/LinguisticData.framework/Versions/A/LinguisticData
0x00007fff760f1000 	/usr/lib/libcmph.dylib
0x00007fff57728000 	/System/Library/Frameworks/ServiceManagement.framework/Versions/A/ServiceManagement
0x00007fff5cedd000 	/System/Library/PrivateFrameworks/BackgroundTaskManagement.framework/Versions/A/BackgroundTaskManagement
0x00007fff78788000 	/usr/lib/libxslt.1.dylib
0x00007fff4aebe000 	/System/Library/Frameworks/Carbon.framework/Versions/A/Frameworks/Ink.framework/Versions/A/Ink
0x00007fff7397a000 	/System/Library/PrivateFrameworks/TextureIO.framework/Versions/A/TextureIO
0x00007fff75f07000 	/usr/lib/libate.dylib
0x00007fff60bd8000 	/System/Library/PrivateFrameworks/CrashReporterSupport.framework/Versions/A/CrashReporterSupport
0x00007fff709aa000 	/System/Library/PrivateFrameworks/Sharing.framework/Versions/A/Sharing
0x00007fff5ca69000 	/System/Library/PrivateFrameworks/AuthKit.framework/Versions/A/AuthKit
0x00007fff5be9b000 	/System/Library/PrivateFrameworks/Apple80211.framework/Versions/A/Apple80211
0x00007fff6099e000 	/System/Library/PrivateFrameworks/CoreUtils.framework/Versions/A/CoreUtils
0x00007fff4d780000 	/System/Library/Frameworks/CoreWLAN.framework/Versions/A/CoreWLAN
0x00007fff4e1e9000 	/System/Library/Frameworks/IOBluetooth.framework/Versions/A/IOBluetooth
0x00007fff6ed14000 	/System/Library/PrivateFrameworks/ProtocolBuffer.framework/Versions/A/ProtocolBuffer
0x00007fff6af79000 	/System/Library/PrivateFrameworks/MobileKeyBag.framework/Versions/A/MobileKeyBag
0x00007fff601c6000 	/System/Library/PrivateFrameworks/CorePhoneNumbers.framework/Versions/A/CorePhoneNumbers
0x00007fff5c2b0000 	/System/Library/PrivateFrameworks/AppleIDAuthSupport.framework/Versions/A/AppleIDAuthSupport
0x00007fff69e46000 	/System/Library/PrivateFrameworks/KeychainCircle.framework/Versions/A/KeychainCircle
0x00007fff6eee1000 	/System/Library/PrivateFrameworks/ROCKit.framework/Versions/A/ROCKit
0x00007fff60b74000 	/System/Library/PrivateFrameworks/CoreWiFi.framework/Versions/A/CoreWiFi
0x00007fff4b42b000 	/System/Library/Frameworks/CoreBluetooth.framework/Versions/A/CoreBluetooth
0x00007fff60dc8000 	/System/Library/PrivateFrameworks/DebugSymbols.framework/Versions/A/DebugSymbols
0x00007fff60753000 	/System/Library/PrivateFrameworks/CoreSymbolication.framework/Versions/A/CoreSymbolication
0x00007fff73168000 	/System/Library/PrivateFrameworks/Symbolication.framework/Versions/A/Symbolication
0x00007fff722fa000 	/System/Library/PrivateFrameworks/SpeechRecognitionCore.framework/Versions/A/SpeechRecognitionCore
0x0000000108200000 	/Library/Java/JavaVirtualMachines/jdk-10.0.2.jdk/Contents/Home/lib/server/libjvm.dylib
0x00007fff78552000 	/usr/lib/libstdc++.6.dylib
0x000000010782d000 	/Library/Java/JavaVirtualMachines/jdk-10.0.2.jdk/Contents/Home/lib/libverify.dylib
0x000000010783a000 	/Library/Java/JavaVirtualMachines/jdk-10.0.2.jdk/Contents/Home/lib/libjava.dylib
0x00000001078b9000 	/Library/Java/JavaVirtualMachines/jdk-10.0.2.jdk/Contents/Home/lib/libzip.dylib
0x00000001078c1000 	/Library/Java/JavaVirtualMachines/jdk-10.0.2.jdk/Contents/Home/lib/libjimage.dylib
0x0000000110e21000 	/Library/Java/JavaVirtualMachines/jdk-10.0.2.jdk/Contents/Home/lib/libnio.dylib
0x0000000110e31000 	/Library/Java/JavaVirtualMachines/jdk-10.0.2.jdk/Contents/Home/lib/./libnet.dylib
0x0000000111177000 	/private/var/folders/k7/8v7p2bwx59s4f8ssvdxn2w5w0000gn/T/libgdxsamuelkarabas/25a8e9fb/libgdx64.dylib
0x00000001111bd000 	/Library/Java/JavaVirtualMachines/jdk-10.0.2.jdk/Contents/Home/lib/libawt.dylib
0x0000000111262000 	/Library/Java/JavaVirtualMachines/jdk-10.0.2.jdk/Contents/Home/lib/./libmlib_image.dylib
0x00007fff4fab7000 	/System/Library/Frameworks/JavaVM.framework/Versions/A/Frameworks/JavaNativeFoundation.framework/Versions/A/JavaNativeFoundation
0x00007fff4fac0000 	/System/Library/Frameworks/JavaVM.framework/Versions/A/Frameworks/JavaRuntimeSupport.framework/Versions/A/JavaRuntimeSupport
0x00007fff4fac9000 	/System/Library/Frameworks/JavaVM.framework/Versions/A/JavaVM
0x00007fff69d5d000 	/System/Library/PrivateFrameworks/JavaLaunching.framework/Versions/A/JavaLaunching
0x00007fff4aba7000 	/System/Library/Frameworks/Carbon.framework/Versions/A/Carbon
0x00007fff4aba8000 	/System/Library/Frameworks/Carbon.framework/Versions/A/Frameworks/CommonPanels.framework/Versions/A/CommonPanels
0x00007fff4aeb4000 	/System/Library/Frameworks/Carbon.framework/Versions/A/Frameworks/Help.framework/Versions/A/Help
0x00007fff4aeb8000 	/System/Library/Frameworks/Carbon.framework/Versions/A/Frameworks/ImageCapture.framework/Versions/A/ImageCapture
0x00007fff4af53000 	/System/Library/Frameworks/Carbon.framework/Versions/A/Frameworks/OpenScripting.framework/Versions/A/OpenScripting
0x00007fff4af8e000 	/System/Library/Frameworks/Carbon.framework/Versions/A/Frameworks/Print.framework/Versions/A/Print
0x00007fff4af90000 	/System/Library/Frameworks/Carbon.framework/Versions/A/Frameworks/SecurityHI.framework/Versions/A/SecurityHI
0x00000001112d0000 	/Library/Java/JavaVirtualMachines/jdk-10.0.2.jdk/Contents/Home/lib/libawt_lwawt.dylib
0x0000000111390000 	/Library/Java/JavaVirtualMachines/jdk-10.0.2.jdk/Contents/Home/lib/./libosxapp.dylib
0x00007fff4dc39000 	/System/Library/Frameworks/ExceptionHandling.framework/Versions/A/ExceptionHandling
0x0000000111522000 	/Library/Java/JavaVirtualMachines/jdk-10.0.2.jdk/Contents/Home/lib/libfontmanager.dylib
0x00007fff6035d000 	/System/Library/PrivateFrameworks/CoreServicesInternal.framework/Versions/A/CoreServicesInternal
0x00007fff4073d000 	/System/Library/CoreServices/RawCamera.bundle/Contents/MacOS/RawCamera
0x00007fff6ade4000 	/System/Library/PrivateFrameworks/MobileAsset.framework/Versions/A/MobileAsset
0x00007fff729ec000 	/System/Library/PrivateFrameworks/StreamingZip.framework/Versions/A/StreamingZip
0x00007fff4fe68000 	/System/Library/Frameworks/MediaToolbox.framework/Versions/A/MediaToolbox
0x00007fff5f43b000 	/System/Library/PrivateFrameworks/CoreAVCHD.framework/Versions/A/CoreAVCHD
0x00007fff4fda4000 	/System/Library/Frameworks/MediaAccessibility.framework/Versions/A/MediaAccessibility
0x00007fff6a817000 	/System/Library/PrivateFrameworks/Mangrove.framework/Versions/A/Mangrove
0x00007fff4ca39000 	/System/Library/Frameworks/CoreMedia.framework/Versions/A/CoreMedia
0x00007fff57dba000 	/System/Library/Frameworks/VideoToolbox.framework/Versions/A/VideoToolbox
0x00007fff5f063000 	/System/Library/PrivateFrameworks/CoreAUC.framework/Versions/A/CoreAUC
0x00007fff78228000 	/usr/lib/libspindump.dylib
0x00007fff5c688000 	/System/Library/PrivateFrameworks/AppleVA.framework/Versions/A/AppleVA
0x00007fff47c15000 	/System/Library/Frameworks/Accelerate.framework/Versions/A/Frameworks/vImage.framework/Versions/A/Libraries/libCGInterfaces.dylib
0x00007fff49f99000 	/System/Library/Frameworks/ApplicationServices.framework/Versions/A/Frameworks/ATS.framework/Versions/A/Resources/libTrueTypeScaler.dylib
0x00007fff44eca000 	/System/Library/Extensions/AppleIntelSKLGraphicsMTLDriver.bundle/Contents/MacOS/AppleIntelSKLGraphicsMTLDriver
0x00007fff65cf1000 	/System/Library/PrivateFrameworks/GPUCompiler.framework/Versions/3902/Libraries/libmetal_timestamp.dylib
0x00007fff749aa000 	/System/Library/PrivateFrameworks/ViewBridge.framework/Versions/A/ViewBridge
0x00000001113d0000 	/usr/lib/libobjc-trampolines.dylib
0x000000013009a000 	/private/var/folders/k7/8v7p2bwx59s4f8ssvdxn2w5w0000gn/T/libgdxsamuelkarabas/f7649394/liblwjgl.dylib
0x0000000111a43000 	/Library/Java/JavaVirtualMachines/jdk-10.0.2.jdk/Contents/Home/lib/libjawt.dylib
0x00007fff55a41000 	/System/Library/Frameworks/OpenGL.framework/Versions/A/Resources/GLEngine.bundle/GLEngine
0x00007fff54ed1000 	/System/Library/Frameworks/OpenGL.framework/Versions/A/Libraries/libGLProgrammability.dylib
0x00007fff440e9000 	/System/Library/Extensions/AppleIntelSKLGraphicsGLDriver.bundle/Contents/MacOS/AppleIntelSKLGraphicsGLDriver
0x00007fff6738b000 	/System/Library/PrivateFrameworks/GPUSupport.framework/Versions/A/Libraries/libGPUSupportMercury.dylib
0x00007fff55bd8000 	/System/Library/Frameworks/OpenGL.framework/Versions/A/Resources/GLRendererFloat.bundle/GLRendererFloat
0x00007fff54484000 	/System/Library/Frameworks/OpenCL.framework/Versions/A/Libraries/libcldcpuengine.dylib
0x00007fff7657c000 	/usr/lib/libcrypto.35.dylib
0x00007fff73afb000 	/System/Library/PrivateFrameworks/TrustEvaluationAgent.framework/Versions/A/TrustEvaluationAgent
0x00000001115f7000 	/Library/Java/JavaVirtualMachines/jdk-10.0.2.jdk/Contents/Home/lib/libosxui.dylib
0x000000015ee69000 	/private/var/folders/k7/8v7p2bwx59s4f8ssvdxn2w5w0000gn/T/libgdxsamuelkarabas/d1927f43/libgdx-freetype64.dylib
0x00007fff756e5000 	/System/Library/PrivateFrameworks/login.framework/Versions/A/login


VM Arguments:
jvm_args: -Dfile.encoding=UTF-8 -Duser.country=SK -Duser.language=en -Duser.variant 
java_command: sk.tuke.kpi.gamelib.framework.Main
java_class_path (initial): /Users/samuelkarabas/Desktop/OOP/project-ellen/build/classes/java/main:/Users/samuelkarabas/Desktop/OOP/project-ellen/build/resources/main:/Users/samuelkarabas/.gradle/caches/modules-2/files-2.1/sk.tuke.kpi.gamelib/gamelib-framework/2.0.1/92d32a5db2c1daf75f04f6555cc816852c31e15f/gamelib-framework-2.0.1.jar:/Users/samuelkarabas/.gradle/caches/modules-2/files-2.1/sk.tuke.kpi.gamelib/gamelib-inspector/2.0.1/efacaf473c32b35163605d676eb88663e1753d44/gamelib-inspector-2.0.1.jar:/Users/samuelkarabas/.gradle/caches/modules-2/files-2.1/sk.tuke.kpi.gamelib/gamelib-core/2.0.1/2008e59bfac4bc161e437c1b2faa31dbc0a758b2/gamelib-core-2.0.1.jar:/Users/samuelkarabas/.gradle/caches/modules-2/files-2.1/org.jetbrains.kotlin/kotlin-stdlib-jdk8/1.2.51/68faa6fb7e32a7665a6849f242bc621c3ed48101/kotlin-stdlib-jdk8-1.2.51.jar:/Users/samuelkarabas/.gradle/caches/modules-2/files-2.1/sk.tuke.kpi.oop/inspector/1.0.1/ca30f290692395a4454bff6489fbfa2f251cdfdd/inspector-1.0.1.jar:/Users/samuelkarabas/.gradle/caches/modules-2/files-2.1/sk.tuke.kpi.oop/inspector-annotations/1.0.1/d40934f552f65bd422c976fabaa679a81a1cd91d/inspector-annotations-1.0.1.jar:/Users/samuelkarabas/.gradle/caches/modules-2/files-2.1/com.badlogicgames.gdx/gdx-freetype/1.9.8/d92b5b8beab10e3b3c0dd836d4fc186f95e7ea4b/gdx-freetype-1.9.8.jar:/Users/samuelkarabas/.gradle/caches/modules-2/files-2.1/com.badlogicgames.gdx/gdx-backend-lwjgl/1.9.8/b7c138f14ed67ad830ae7597da3d86ae02b20eee/gdx-backend-lwjgl-1.9.8.jar:/Users/samuelkarabas/.gradle/caches/modules-2/files-2.1/com.badlogicgames.gdx/gdx-backend-headless/1.9.8/c90fcd61d78d3b3d3ee7e493030b06df984df53b/gdx-backend-headless-1.9.8.jar:/Users/samuelkarabas/.gradle/caches/modules-2/files-2.1/com.badlogicgames.gdx/gdx/1.9.8/a35a0076fbce873f9c2d5a1a1c8066244231bb3c/gdx-1.9.8.jar:/Users/samuelkarabas/.gradle/caches/modules-2/files-2.1/io.github.libktx/ktx-graphics/1.9.8-b4/ed2343744340f4526a5492c4de4504dcc7198152/ktx-graphics-1.9.8-b4.jar:/Users/samuelkarabas/.gra
Launcher Type: SUN_STANDARD

Logging:
Log output configuration:
#0: stdout all=warning uptime,level,tags
#1: stderr all=off uptime,level,tags

Environment Variables:
PATH=/usr/local/bin:/usr/bin:/bin:/usr/sbin:/sbin
SHELL=/bin/bash

Signal Handlers:
SIGSEGV: [libjvm.dylib+0x79ac14], sa_mask[0]=11111111011111110111111111111111, sa_flags=SA_ONSTACK|SA_RESTART|SA_SIGINFO
SIGBUS: [libjvm.dylib+0x79ac14], sa_mask[0]=11111111011111110111111111111111, sa_flags=SA_RESTART|SA_SIGINFO
SIGFPE: [libjvm.dylib+0x79ac14], sa_mask[0]=11111111011111110111111111111111, sa_flags=SA_RESTART|SA_SIGINFO
SIGPIPE: [libjvm.dylib+0x635960], sa_mask[0]=11111111011111110111111111111111, sa_flags=SA_RESTART|SA_SIGINFO
SIGXFSZ: [libjvm.dylib+0x635960], sa_mask[0]=11111111011111110111111111111111, sa_flags=SA_RESTART|SA_SIGINFO
SIGILL: [libjvm.dylib+0x79ac14], sa_mask[0]=11111111011111110111111111111111, sa_flags=SA_RESTART|SA_SIGINFO
SIGUSR2: [libjvm.dylib+0x6361f0], sa_mask[0]=00100000000000000000000000000000, sa_flags=SA_RESTART|SA_SIGINFO
SIGHUP: [libjvm.dylib+0x6349db], sa_mask[0]=11111111011111110111111111111111, sa_flags=SA_RESTART|SA_SIGINFO
SIGINT: [libjvm.dylib+0x6349db], sa_mask[0]=11111111011111110111111111111111, sa_flags=SA_RESTART|SA_SIGINFO
SIGTERM: [libjvm.dylib+0x6349db], sa_mask[0]=11111111011111110111111111111111, sa_flags=SA_RESTART|SA_SIGINFO
SIGQUIT: [libjvm.dylib+0x6349db], sa_mask[0]=11111111011111110111111111111111, sa_flags=SA_RESTART|SA_SIGINFO


---------------  S Y S T E M  ---------------

OS:uname:Darwin 18.0.0 Darwin Kernel Version 18.0.0: Wed Aug 22 20:13:40 PDT 2018; root:xnu-4903.201.2~1/RELEASE_X86_64 x86_64
rlimit: STACK 8192k, CORE 0k, NPROC 709, NOFILE 10240, AS infinity, DATA infinity, FSIZE infinity
load average:5.06 4.06 3.59

CPU:total 4 (initial active 4) (2 cores per cpu, 2 threads per core) family 6 model 78 stepping 3, cmov, cx8, fxsr, mmx, sse, sse2, sse3, ssse3, sse4.1, sse4.2, popcnt, avx, avx2, aes, clmul, erms, 3dnowpref, lzcnt, ht, tsc, tscinvbit, bmi1, bmi2, adx, fma

Memory: 4k page, physical 8388608k(37496k free)

vm_info: Java HotSpot(TM) 64-Bit Server VM (10.0.2+13) for bsd-amd64 JRE (10.0.2+13), built on Jun 28 2018 00:49:51 by "mach5one" with gcc 4.2.1 Compatible Apple LLVM 6.1.0 (clang-602.0.49)

END.
